<?xml version="1.0" encoding="UTF-8"?>
<!-- Generated by org.testng.reporters.JUnitXMLReporter -->
<testsuite hostname="reddy-PC" ignored="1" name="Default test" tests="17" failures="0" timestamp="05 Apr 2022 00:52:39 GMT" time="0.213" errors="0">
  <testcase name="MobileStudentLogin" time="0.036" classname="com.tis.Test2"/>
  <testcase name="WebStudentLogin" time="0.003" classname="com.tis.Test2"/>
  <testcase name="c_language" time="0.003" classname="com.tis.Test2"/>
  <testcase name="infosys" time="0.003" classname="com.tis.Test2"/>
  <testcase name="java" time="0.002" classname="com.tis.Test2"/>
  <testcase name="mango" time="0.002" classname="com.tis.Test2"/>
  <testcase name="technip" time="0.003" classname="com.tis.Test2"/>
  <testcase name="testc" time="0.002" classname="com.tis.Test2"/>
  <testcase name="testc1" time="0.002" classname="com.tis.Test2"/>
  <testcase name="testcase1" time="0.002" classname="com.tis.Test2"/>
  <testcase name="testcase3" time="0.002" classname="com.tis.Test2"/>
  <testcase name="testcase2" time="0.002" classname="com.tis.Test2"/>
  <testcase name="wipro" time="0.002" classname="com.tis.Test2"/>
  <testcase name="APIStudentLogin" time="0.002" classname="com.tis.Test2"/>
  <testcase name="testcase6" time="0.005" classname="com.tis.Test2"/>
  <testcase name="watermelon" time="0.002" classname="com.tis.Test2"/>
  <testcase name="apple" time="0.002" classname="com.tis.Test2"/>
  <testcase name="jira" time="0.0" classname="com.tis.Test2">
    <ignored/>
  </testcase> <!-- jira -->
</testsuite> <!-- Default test -->
