<?xml version="1.0" encoding="UTF-8"?>
<testng-results skipped="0" failed="0" ignored="1" total="18" passed="17">
  <reporter-output>
  </reporter-output>
  <suite name="Default suite" duration-ms="213" started-at="2022-04-05T00:52:39Z" finished-at="2022-04-05T00:52:39Z">
    <groups>
      <group name="software company">
        <method signature="Test2.infosys()[pri:0, instance:com.tis.Test2@f777e8]" name="infosys" class="com.tis.Test2"/>
        <method signature="Test2.wipro()[pri:0, instance:com.tis.Test2@f777e8]" name="wipro" class="com.tis.Test2"/>
      </group> <!-- software company -->
    </groups>
    <test name="Default test" duration-ms="213" started-at="2022-04-05T00:52:39Z" finished-at="2022-04-05T00:52:39Z">
      <class name="com.tis.Test2">
        <test-method status="PASS" signature="MobileStudentLogin()[pri:0, instance:com.tis.Test2@f777e8]" name="MobileStudentLogin" duration-ms="36" started-at="2022-04-05T00:52:39Z" finished-at="2022-04-05T00:52:39Z">
          <reporter-output>
          </reporter-output>
        </test-method> <!-- MobileStudentLogin -->
        <test-method status="PASS" signature="WebStudentLogin()[pri:0, instance:com.tis.Test2@f777e8]" name="WebStudentLogin" duration-ms="3" started-at="2022-04-05T00:52:39Z" finished-at="2022-04-05T00:52:39Z">
          <reporter-output>
          </reporter-output>
        </test-method> <!-- WebStudentLogin -->
        <test-method status="PASS" signature="c_language()[pri:0, instance:com.tis.Test2@f777e8]" name="c_language" duration-ms="3" started-at="2022-04-05T00:52:39Z" finished-at="2022-04-05T00:52:39Z">
          <reporter-output>
          </reporter-output>
        </test-method> <!-- c_language -->
        <test-method status="PASS" signature="infosys()[pri:0, instance:com.tis.Test2@f777e8]" name="infosys" duration-ms="3" started-at="2022-04-05T00:52:39Z" finished-at="2022-04-05T00:52:39Z">
          <reporter-output>
          </reporter-output>
        </test-method> <!-- infosys -->
        <test-method status="PASS" signature="java()[pri:0, instance:com.tis.Test2@f777e8]" name="java" duration-ms="2" started-at="2022-04-05T00:52:39Z" finished-at="2022-04-05T00:52:39Z">
          <reporter-output>
          </reporter-output>
        </test-method> <!-- java -->
        <test-method status="PASS" signature="mango()[pri:0, instance:com.tis.Test2@f777e8]" name="mango" duration-ms="2" started-at="2022-04-05T00:52:39Z" finished-at="2022-04-05T00:52:39Z">
          <reporter-output>
          </reporter-output>
        </test-method> <!-- mango -->
        <test-method status="PASS" signature="technip()[pri:0, instance:com.tis.Test2@f777e8]" name="technip" duration-ms="3" started-at="2022-04-05T00:52:39Z" finished-at="2022-04-05T00:52:39Z">
          <reporter-output>
          </reporter-output>
        </test-method> <!-- technip -->
        <test-method status="PASS" signature="testc()[pri:0, instance:com.tis.Test2@f777e8]" name="testc" duration-ms="2" started-at="2022-04-05T00:52:39Z" finished-at="2022-04-05T00:52:39Z">
          <reporter-output>
          </reporter-output>
        </test-method> <!-- testc -->
        <test-method status="PASS" signature="testc1()[pri:0, instance:com.tis.Test2@f777e8]" name="testc1" duration-ms="2" started-at="2022-04-05T00:52:39Z" finished-at="2022-04-05T00:52:39Z">
          <reporter-output>
          </reporter-output>
        </test-method> <!-- testc1 -->
        <test-method status="PASS" signature="testcase1()[pri:0, instance:com.tis.Test2@f777e8]" name="testcase1" duration-ms="2" started-at="2022-04-05T00:52:39Z" description="This is testcase1" finished-at="2022-04-05T00:52:39Z">
          <reporter-output>
          </reporter-output>
        </test-method> <!-- testcase1 -->
        <test-method status="PASS" signature="testcase3()[pri:0, instance:com.tis.Test2@f777e8]" name="testcase3" duration-ms="2" started-at="2022-04-05T00:52:39Z" description="This is testcase3" finished-at="2022-04-05T00:52:39Z">
          <reporter-output>
          </reporter-output>
        </test-method> <!-- testcase3 -->
        <test-method status="PASS" signature="testcase2()[pri:0, instance:com.tis.Test2@f777e8]" name="testcase2" duration-ms="2" started-at="2022-04-05T00:52:39Z" description="This is testcase2" finished-at="2022-04-05T00:52:39Z">
          <reporter-output>
          </reporter-output>
        </test-method> <!-- testcase2 -->
        <test-method status="PASS" signature="wipro()[pri:0, instance:com.tis.Test2@f777e8]" name="wipro" duration-ms="2" started-at="2022-04-05T00:52:39Z" finished-at="2022-04-05T00:52:39Z">
          <reporter-output>
          </reporter-output>
        </test-method> <!-- wipro -->
        <test-method status="PASS" signature="APIStudentLogin()[pri:0, instance:com.tis.Test2@f777e8]" name="APIStudentLogin" duration-ms="2" started-at="2022-04-05T00:52:39Z" depends-on-methods="com.tis.Test2.WebStudentLogin" finished-at="2022-04-05T00:52:39Z">
          <reporter-output>
          </reporter-output>
        </test-method> <!-- APIStudentLogin -->
        <test-method status="PASS" signature="testcase6()[pri:0, instance:com.tis.Test2@f777e8]" name="testcase6" duration-ms="5" started-at="2022-04-05T00:52:39Z" depends-on-methods="com.tis.Test2.testc, com.tis.Test2.testc1" finished-at="2022-04-05T00:52:39Z">
          <reporter-output>
          </reporter-output>
        </test-method> <!-- testcase6 -->
        <test-method status="PASS" signature="watermelon()[pri:1, instance:com.tis.Test2@f777e8]" name="watermelon" duration-ms="2" started-at="2022-04-05T00:52:39Z" finished-at="2022-04-05T00:52:39Z">
          <reporter-output>
          </reporter-output>
        </test-method> <!-- watermelon -->
        <test-method status="PASS" signature="apple()[pri:2, instance:com.tis.Test2@f777e8]" name="apple" duration-ms="2" started-at="2022-04-05T00:52:39Z" finished-at="2022-04-05T00:52:39Z">
          <reporter-output>
          </reporter-output>
        </test-method> <!-- apple -->
      </class> <!-- com.tis.Test2 -->
    </test> <!-- Default test -->
  </suite> <!-- Default suite -->
</testng-results>
